<?xml version="1.0" encoding="UTF-8"?>
<!-- Generated by org.testng.reporters.JUnitReportReporter -->
<testsuite hostname="DESKTOP-GT9SFK0" failures="0" tests="1" name="testCases.TC_002_LoginTest" time="1.929" errors="0" timestamp="2024-11-28T19:42:19 EST" skipped="0">
  <testcase classname="testCases.TC_002_LoginTest" name="Verify_LoginTest" time="1.929"/>
</testsuite> <!-- testCases.TC_002_LoginTest -->
