<?xml version="1.0" encoding="UTF-8"?>
<!-- Generated by org.testng.reporters.JUnitReportReporter -->
<testsuite hostname="DESKTOP-GT9SFK0" failures="0" tests="1" name="testCases.TC_001_AccountRegistrationTest" time="2.550" errors="0" timestamp="2024-11-28T19:42:19 EST" skipped="0">
  <testcase classname="testCases.TC_001_AccountRegistrationTest" name="verfiy_account_registration" time="2.550"/>
</testsuite> <!-- testCases.TC_001_AccountRegistrationTest -->
