<?xml version="1.0" encoding="UTF-8"?>
<!-- Generated by org.testng.reporters.JUnitReportReporter -->
<testsuite hostname="DESKTOP-GT9SFK0" failures="0" tests="5" name="testCases.TC_003_LoginDDT" time="41.323" errors="0" timestamp="2024-12-01T12:29:58 EST" skipped="0">
  <testcase classname="testCases.TC_003_LoginDDT" name="verify_LoginDDT" time="11.471"/>
  <testcase classname="testCases.TC_003_LoginDDT" name="verify_LoginDDT" time="2.985"/>
  <testcase classname="testCases.TC_003_LoginDDT" name="verify_LoginDDT" time="11.544"/>
  <testcase classname="testCases.TC_003_LoginDDT" name="verify_LoginDDT" time="12.743"/>
  <testcase classname="testCases.TC_003_LoginDDT" name="verify_LoginDDT" time="2.580"/>
</testsuite> <!-- testCases.TC_003_LoginDDT -->
