<?xml version="1.0" encoding="UTF-8"?>
<!-- Generated by org.testng.reporters.JUnitReportReporter -->
<testsuite hostname="DESKTOP-GT9SFK0" failures="0" tests="5" name="testCases.TC003_LoginDDT" time="39.858" errors="0" timestamp="2024-12-01T12:58:57 EST" skipped="0">
  <testcase classname="testCases.TC003_LoginDDT" name="verify_LoginDDT" time="11.375"/>
  <testcase classname="testCases.TC003_LoginDDT" name="verify_LoginDDT" time="2.820"/>
  <testcase classname="testCases.TC003_LoginDDT" name="verify_LoginDDT" time="11.291"/>
  <testcase classname="testCases.TC003_LoginDDT" name="verify_LoginDDT" time="11.824"/>
  <testcase classname="testCases.TC003_LoginDDT" name="verify_LoginDDT" time="2.548"/>
</testsuite> <!-- testCases.TC003_LoginDDT -->
