<?xml version="1.0" encoding="UTF-8"?>
<!-- Generated by org.testng.reporters.JUnitReportReporter -->
<testsuite hostname="DESKTOP-GT9SFK0" failures="0" tests="1" name="testCases.TC002_LoginTest" time="2.598" errors="0" timestamp="2024-12-06T14:17:40 EST" skipped="0">
  <testcase classname="testCases.TC002_LoginTest" name="Verify_LoginTest" time="2.598"/>
</testsuite> <!-- testCases.TC002_LoginTest -->
