<?xml version="1.0" encoding="UTF-8"?>
<!-- Generated by org.testng.reporters.JUnitReportReporter -->
<testsuite hostname="DESKTOP-GT9SFK0" failures="0" tests="1" name="testCases.TC001_AccountRegistrationTest" time="3.838" errors="0" timestamp="2024-12-06T14:17:40 EST" skipped="0">
  <testcase classname="testCases.TC001_AccountRegistrationTest" name="verfiy_account_registration" time="3.838"/>
</testsuite> <!-- testCases.TC001_AccountRegistrationTest -->
